<?xml version="1.0" encoding="UTF-8"?>
<testsuite xmlns:xsi="http://www.w3.org/2001/XMLSchema-instance" xsi:noNamespaceSchemaLocation="https://maven.apache.org/surefire/maven-surefire-plugin/xsd/surefire-test-report-3.0.xsd" version="3.0" name="io.testseer.backend.registry.ServiceRegistryIntegrationTest" time="0.381" tests="1" errors="1" skipped="0" failures="0">
  <properties>
[...]
</properties>
  <testcase name="" classname="io.testseer.backend.registry.ServiceRegistryIntegrationTest" time="0.381">
    <error message="Can&apos;t get Docker image: RemoteDockerImage(imageName=postgres:16, imagePullPolicy=DefaultPullPolicy(), imageNameSubstitutor=org.testcontainers.utility.ImageNameSubstitutor$LogWrappedImageNameSubstitutor@78d39a69)" type="org.testcontainers.containers.ContainerFetchException"><![CDATA[org.testcontainers.containers.ContainerFetchException: Can't get Docker image: RemoteDockerImage(imageName=postgres:16, imagePullPolicy=DefaultPullPolicy(), imageNameSubstitutor=org.testcontainers.utility.ImageNameSubstitutor$LogWrappedImageNameSubstitutor@78d39a69)
	at org.testcontainers.containers.GenericContainer.getDockerImageName(GenericContainer.java:1364)
	at org.springframework.boot.testcontainers.service.connection.ServiceConnectionContextCustomizerFactory.createSource(ServiceConnectionContextCustomizerFactory.java:88)
	at org.springframework.boot.testcontainers.service.connection.ServiceConnectionContextCustomizerFactory.lambda$collectSources$0(ServiceConnectionContextCustomizerFactory.java:63)
	at org.springframework.core.annotation.TypeMappedAnnotations$AggregatesSpliterator.tryAdvance(TypeMappedAnnotations.java:610)
	at org.springframework.core.annotation.TypeMappedAnnotations$AggregatesSpliterator.tryAdvance(TypeMappedAnnotations.java:577)
	at java.base/java.util.Spliterator.forEachRemaining(Spliterator.java:332)
	at java.base/java.util.stream.ReferencePipeline$Head.forEach(ReferencePipeline.java:803)
	at org.springframework.boot.testcontainers.service.connection.ServiceConnectionContextCustomizerFactory.lambda$collectSources$1(ServiceConnectionContextCustomizerFactory.java:63)
	at org.springframework.util.ReflectionUtils.doWithLocalFields(ReflectionUtils.java:691)
	at org.springframework.boot.testcontainers.service.connection.ServiceConnectionContextCustomizerFactory.collectSources(ServiceConnectionContextCustomizerFactory.java:60)
	at org.springframework.boot.testcontainers.service.connection.ServiceConnectionContextCustomizerFactory.collectSources(ServiceConnectionContextCustomizerFactory.java:71)
	at org.springframework.boot.testcontainers.service.connection.ServiceConnectionContextCustomizerFactory.createContextCustomizer(ServiceConnectionContextCustomizerFactory.java:52)
	at org.springframework.test.context.support.AbstractTestContextBootstrapper.getContextCustomizers(AbstractTestContextBootstrapper.java:360)
	at org.springframework.test.context.support.AbstractTestContextBootstrapper.buildMergedContextConfiguration(AbstractTestContextBootstrapper.java:332)
	at org.springframework.test.context.support.AbstractTestContextBootstrapper.buildDefaultMergedContextConfiguration(AbstractTestContextBootstrapper.java:267)
	at org.springframework.test.context.support.AbstractTestContextBootstrapper.buildMergedContextConfiguration(AbstractTestContextBootstrapper.java:215)
	at org.springframework.test.context.support.AbstractTestContextBootstrapper.buildTestContext(AbstractTestContextBootstrapper.java:108)
	at org.springframework.boot.test.context.SpringBootTestContextBootstrapper.buildTestContext(SpringBootTestContextBootstrapper.java:111)
	at org.springframework.test.context.TestContextManager.<init>(TestContextManager.java:142)
	at org.springframework.test.context.TestContextManager.<init>(TestContextManager.java:126)
	at org.springframework.test.context.junit.jupiter.SpringExtension.getTestContextManager(SpringExtension.java:366)
	at org.springframework.test.context.junit.jupiter.SpringExtension.beforeAll(SpringExtension.java:131)
	at java.base/java.util.ArrayList.forEach(ArrayList.java:1604)
Caused by: java.lang.IllegalStateException: Could not find a valid Docker environment. Please see logs and check configuration
	at org.testcontainers.dockerclient.DockerClientProviderStrategy.lambda$getFirstValidStrategy$7(DockerClientProviderStrategy.java:277)
	at java.base/java.util.Optional.orElseThrow(Optional.java:403)
	at org.testcontainers.dockerclient.DockerClientProviderStrategy.getFirstValidStrategy(DockerClientProviderStrategy.java:268)
	at org.testcontainers.DockerClientFactory.getOrInitializeStrategy(DockerClientFactory.java:152)
	at org.testcontainers.DockerClientFactory.client(DockerClientFactory.java:194)
	at org.testcontainers.images.LocalImagesCache.get(LocalImagesCache.java:31)
	at org.testcontainers.images.AbstractImagePullPolicy.shouldPull(AbstractImagePullPolicy.java:18)
	at org.testcontainers.images.RemoteDockerImage.resolve(RemoteDockerImage.java:75)
	at org.testcontainers.images.RemoteDockerImage.resolve(RemoteDockerImage.java:33)
	at org.testcontainers.utility.LazyFuture.getResolvedValue(LazyFuture.java:20)
	at org.testcontainers.utility.LazyFuture.get(LazyFuture.java:41)
	at org.testcontainers.containers.GenericContainer.getDockerImageName(GenericContainer.java:1362)
	... 22 more
]]></error>
    <system-out><![CDATA[23:27:39.691 [main] INFO org.springframework.test.context.support.AnnotationConfigContextLoaderUtils -- Could not detect default configuration classes for test class [io.testseer.backend.registry.ServiceRegistryIntegrationTest]: ServiceRegistryIntegrationTest does not declare any static, non-private, non-final, nested classes annotated with @Configuration.
23:27:39.735 [main] INFO org.testcontainers.images.PullPolicy -- Image pull policy will be performed by: DefaultPullPolicy()
23:27:39.737 [main] INFO org.testcontainers.utility.ImageNameSubstitutor -- Image name substitution will be performed by: DefaultImageNameSubstitutor (composite of 'ConfigurationFileImageNameSubstitutor' and 'PrefixingImageNameSubstitutor')
23:27:40.001 [main] INFO org.testcontainers.dockerclient.DockerMachineClientProviderStrategy -- docker-machine executable was not found on PATH ([/Users/mthigale/.nvm/versions/node/v24.14.1/bin, /Users/mthigale/.local/bin, /opt/homebrew/bin/python3.11, /opt/homebrew/bin, /opt/homebrew/sbin, /usr/local/bin, /System/Cryptexes/App/usr/bin, /usr/bin, /bin, /usr/sbin, /sbin, /var/run/com.apple.security.cryptexd/codex.system/bootstrap/usr/local/bin, /var/run/com.apple.security.cryptexd/codex.system/bootstrap/usr/bin, /var/run/com.apple.security.cryptexd/codex.system/bootstrap/usr/appleinternal/bin, /Library/Apple/usr/bin, /Users/mthigale/Library/Application Support/Claude/local-agent-mode-sessions/skills-plugin/aa615111-d8c7-4b3b-a5e3-80e437cb4834/1ec78c93-9d2f-4ebc-98ff-8fb1c3d4a9ed/bin, /Users/mthigale/Library/Application Support/Claude/local-agent-mode-sessions/1ec78c93-9d2f-4ebc-98ff-8fb1c3d4a9ed/aa615111-d8c7-4b3b-a5e3-80e437cb4834/rpm/plugin_0155zZVATbJU3jHUmPP9NvMC/bin, /Users/mthigale/Library/Application Support/Claude/local-agent-mode-sessions/1ec78c93-9d2f-4ebc-98ff-8fb1c3d4a9ed/aa615111-d8c7-4b3b-a5e3-80e437cb4834/rpm/plugin_01XXJmxLXPEhPMmnxmrgntNw/bin, /Users/mthigale/Library/Application Support/Claude/local-agent-mode-sessions/1ec78c93-9d2f-4ebc-98ff-8fb1c3d4a9ed/aa615111-d8c7-4b3b-a5e3-80e437cb4834/rpm/plugin_01FTLa86dhbVJ3HB1LdHdhN7/bin, /Users/mthigale/Library/Application Support/Claude/local-agent-mode-sessions/1ec78c93-9d2f-4ebc-98ff-8fb1c3d4a9ed/aa615111-d8c7-4b3b-a5e3-80e437cb4834/rpm/plugin_01Eeb9y5m4iFuY3yRtytYfdc/bin, /Users/mthigale/Library/Application Support/Claude/local-agent-mode-sessions/1ec78c93-9d2f-4ebc-98ff-8fb1c3d4a9ed/aa615111-d8c7-4b3b-a5e3-80e437cb4834/rpm/plugin_01AYHYqVLaZRH2Vi6aHgDwEw/bin, /Users/mthigale/Library/Application Support/Claude/local-agent-mode-sessions/1ec78c93-9d2f-4ebc-98ff-8fb1c3d4a9ed/aa615111-d8c7-4b3b-a5e3-80e437cb4834/rpm/plugin_014WxCYbLf7f3uw2isHFR9US/bin, /Users/mthigale/Library/Application Support/Claude/local-agent-mode-sessions/1ec78c93-9d2f-4ebc-98ff-8fb1c3d4a9ed/aa615111-d8c7-4b3b-a5e3-80e437cb4834/rpm/plugin_012ABz1xjgtJYWKrcJkXW6ad/bin, /Users/mthigale/Library/Application Support/Claude/local-agent-mode-sessions/1ec78c93-9d2f-4ebc-98ff-8fb1c3d4a9ed/aa615111-d8c7-4b3b-a5e3-80e437cb4834/rpm/plugin_011v5h6QUzBZvas64y44XLhy/bin, /Users/mthigale/Library/Application Support/Claude/local-agent-mode-sessions/1ec78c93-9d2f-4ebc-98ff-8fb1c3d4a9ed/aa615111-d8c7-4b3b-a5e3-80e437cb4834/rpm/plugin_01VTbvGZYaCVU2CNSvhDCnkg/bin, /Users/mthigale/Library/Application Support/Claude/local-agent-mode-sessions/1ec78c93-9d2f-4ebc-98ff-8fb1c3d4a9ed/aa615111-d8c7-4b3b-a5e3-80e437cb4834/rpm/plugin_019iPNgSpqW7kdNT72VAaUud/bin, /Users/mthigale/Library/Application Support/Claude/local-agent-mode-sessions/1ec78c93-9d2f-4ebc-98ff-8fb1c3d4a9ed/aa615111-d8c7-4b3b-a5e3-80e437cb4834/rpm/plugin_01HjnQwYWPokcJcu9cRYzTbg/bin, /Users/mthigale/Library/Application Support/Claude/local-agent-mode-sessions/1ec78c93-9d2f-4ebc-98ff-8fb1c3d4a9ed/aa615111-d8c7-4b3b-a5e3-80e437cb4834/rpm/plugin_017FSfZwAM3GF7xTpsbDUHoA/bin, /Users/mthigale/Library/Application Support/Claude/local-agent-mode-sessions/1ec78c93-9d2f-4ebc-98ff-8fb1c3d4a9ed/aa615111-d8c7-4b3b-a5e3-80e437cb4834/rpm/plugin_01B1EcmnrNLBws9KY9xhUjiJ/bin, /Users/mthigale/.claude/plugins/cache/pm-skills/pm-toolkit/1.0.1/bin, /Users/mthigale/.claude/plugins/cache/pm-skills/pm-product-strategy/1.0.1/bin, /Users/mthigale/.claude/plugins/cache/pm-skills/pm-product-discovery/1.0.1/bin, /Users/mthigale/.claude/plugins/cache/pm-skills/pm-market-research/1.0.1/bin, /Users/mthigale/.claude/plugins/cache/pm-skills/pm-data-analytics/1.0.1/bin, /Users/mthigale/.claude/plugins/cache/pm-skills/pm-marketing-growth/1.0.1/bin, /Users/mthigale/.claude/plugins/cache/pm-skills/pm-go-to-market/1.0.1/bin, /Users/mthigale/.claude/plugins/cache/pm-skills/pm-execution/1.0.1/bin])
23:27:40.002 [main] ERROR org.testcontainers.dockerclient.DockerClientProviderStrategy -- Could not find a valid Docker environment. Please check configuration. Attempted configurations were:
	UnixSocketClientProviderStrategy: failed with exception BadRequestException (Status 400: {"ID":"","Containers":0,"ContainersRunning":0,"ContainersPaused":0,"ContainersStopped":0,"Images":0,"Driver":"","DriverStatus":null,"Plugins":{"Volume":null,"Network":null,"Authorization":null,"Log":null},"MemoryLimit":false,"SwapLimit":false,"CpuCfsPeriod":false,"CpuCfsQuota":false,"CPUShares":false,"CPUSet":false,"PidsLimit":false,"IPv4Forwarding":false,"Debug":false,"NFd":0,"OomKillDisable":false,"NGoroutines":0,"SystemTime":"","LoggingDriver":"","CgroupDriver":"","NEventsListener":0,"KernelVersion":"","OperatingSystem":"","OSVersion":"","OSType":"","Architecture":"","IndexServerAddress":"","RegistryConfig":null,"NCPU":0,"MemTotal":0,"GenericResources":null,"DockerRootDir":"","HttpProxy":"","HttpsProxy":"","NoProxy":"","Name":"","Labels":["com.docker.desktop.address=unix:///Users/mthigale/Library/Containers/com.docker.docker/Data/docker-cli.sock"],"ExperimentalBuild":false,"ServerVersion":"","Runtimes":null,"DefaultRuntime":"","Swarm":{"NodeID":"","NodeAddr":"","LocalNodeState":"","ControlAvailable":false,"Error":"","RemoteManagers":null},"LiveRestoreEnabled":false,"Isolation":"","InitBinary":"","ContainerdCommit":{"ID":""},"RuncCommit":{"ID":""},"InitCommit":{"ID":""},"SecurityOptions":null,"CDISpecDirs":null,"Warnings":null})
	DockerDesktopClientProviderStrategy: failed with exception BadRequestException (Status 400: {"ID":"","Containers":0,"ContainersRunning":0,"ContainersPaused":0,"ContainersStopped":0,"Images":0,"Driver":"","DriverStatus":null,"Plugins":{"Volume":null,"Network":null,"Authorization":null,"Log":null},"MemoryLimit":false,"SwapLimit":false,"CpuCfsPeriod":false,"CpuCfsQuota":false,"CPUShares":false,"CPUSet":false,"PidsLimit":false,"IPv4Forwarding":false,"Debug":false,"NFd":0,"OomKillDisable":false,"NGoroutines":0,"SystemTime":"","LoggingDriver":"","CgroupDriver":"","NEventsListener":0,"KernelVersion":"","OperatingSystem":"","OSVersion":"","OSType":"","Architecture":"","IndexServerAddress":"","RegistryConfig":null,"NCPU":0,"MemTotal":0,"GenericResources":null,"DockerRootDir":"","HttpProxy":"","HttpsProxy":"","NoProxy":"","Name":"","Labels":["com.docker.desktop.address=unix:///Users/mthigale/Library/Containers/com.docker.docker/Data/docker-cli.sock"],"ExperimentalBuild":false,"ServerVersion":"","Runtimes":null,"DefaultRuntime":"","Swarm":{"NodeID":"","NodeAddr":"","LocalNodeState":"","ControlAvailable":false,"Error":"","RemoteManagers":null},"LiveRestoreEnabled":false,"Isolation":"","InitBinary":"","ContainerdCommit":{"ID":""},"RuncCommit":{"ID":""},"InitCommit":{"ID":""},"SecurityOptions":null,"CDISpecDirs":null,"Warnings":null})As no valid configuration was found, execution cannot continue.
See https://java.testcontainers.org/on_failure.html for more details.
]]></system-out>
  </testcase>
</testsuite>